11:14:20:238 [main] INFO  c.e.J.JournalApplication -Starting JournalApplication using Java 21.0.1 with PID 6684 (C:\Husain\IntelliJ_SpringBootApps\JournalApplication\target\classes started by husain.vohra in C:\Husain\IntelliJ_SpringBootApps\JournalApplication)
11:14:20:259 [main] INFO  c.e.J.JournalApplication -The following 1 profile is active: "dev"
11:14:21:555 [main] INFO  o.s.d.r.c.RepositoryConfigurationDelegate -Bootstrapping Spring Data MongoDB repositories in DEFAULT mode.
11:14:21:697 [main] INFO  o.s.d.r.c.RepositoryConfigurationDelegate -Finished Spring Data repository scanning in 126 ms. Found 3 MongoDB repository interfaces.
11:14:22:599 [main] INFO  o.s.b.w.e.tomcat.TomcatWebServer -Tomcat initialized with port 8081 (http)
11:14:22:617 [main] INFO  o.a.coyote.http11.Http11NioProtocol -Initializing ProtocolHandler ["http-nio-8081"]
11:14:22:621 [main] INFO  o.a.catalina.core.StandardService -Starting service [Tomcat]
11:14:22:622 [main] INFO  o.a.catalina.core.StandardEngine -Starting Servlet engine: [Apache Tomcat/10.1.34]
11:14:22:754 [main] INFO  o.a.c.c.C.[.[.[/journal-base] -Initializing Spring embedded WebApplicationContext
11:14:22:755 [main] INFO  o.s.b.w.s.c.ServletWebServerApplicationContext -Root WebApplicationContext: initialization completed in 2393 ms
11:14:23:154 [main] INFO  org.mongodb.driver.client -MongoClient with metadata {"driver": {"name": "mongo-java-driver|sync|spring-boot", "version": "5.2.1"}, "os": {"type": "Windows", "name": "Windows 11", "architecture": "amd64", "version": "10.0"}, "platform": "Java/Oracle Corporation/21.0.1+12-29"} created with settings MongoClientSettings{readPreference=primary, writeConcern=WriteConcern{w=null, wTimeout=null ms, journal=null}, retryWrites=true, retryReads=true, readConcern=ReadConcern{level=null}, credential=null, transportSettings=null, commandListeners=[], codecRegistry=ProvidersCodecRegistry{codecProviders=[ValueCodecProvider{}, BsonValueCodecProvider{}, DBRefCodecProvider{}, DBObjectCodecProvider{}, DocumentCodecProvider{}, CollectionCodecProvider{}, IterableCodecProvider{}, MapCodecProvider{}, GeoJsonCodecProvider{}, GridFSFileCodecProvider{}, Jsr310CodecProvider{}, JsonObjectCodecProvider{}, BsonCodecProvider{}, EnumCodecProvider{}, com.mongodb.client.model.mql.ExpressionCodecProvider@448462f0, com.mongodb.Jep395RecordCodecProvider@787988f4, com.mongodb.KotlinCodecProvider@132e3594]}, loggerSettings=LoggerSettings{maxDocumentLength=1000}, clusterSettings={hosts=[localhost:27017], srvServiceName=mongodb, mode=SINGLE, requiredClusterType=UNKNOWN, requiredReplicaSetName='null', serverSelector='null', clusterListeners='[]', serverSelectionTimeout='30000 ms', localThreshold='15 ms'}, socketSettings=SocketSettings{connectTimeoutMS=10000, readTimeoutMS=0, receiveBufferSize=0, proxySettings=ProxySettings{host=null, port=null, username=null, password=null}}, heartbeatSocketSettings=SocketSettings{connectTimeoutMS=10000, readTimeoutMS=10000, receiveBufferSize=0, proxySettings=ProxySettings{host=null, port=null, username=null, password=null}}, connectionPoolSettings=ConnectionPoolSettings{maxSize=100, minSize=0, maxWaitTimeMS=120000, maxConnectionLifeTimeMS=0, maxConnectionIdleTimeMS=0, maintenanceInitialDelayMS=0, maintenanceFrequencyMS=60000, connectionPoolListeners=[], maxConnecting=2}, serverSettings=ServerSettings{heartbeatFrequencyMS=10000, minHeartbeatFrequencyMS=500, serverMonitoringMode=AUTO, serverListeners='[]', serverMonitorListeners='[]'}, sslSettings=SslSettings{enabled=false, invalidHostNameAllowed=false, context=null}, applicationName='null', compressorList=[], uuidRepresentation=JAVA_LEGACY, serverApi=null, autoEncryptionSettings=null, dnsClient=null, inetAddressResolver=null, contextProvider=null, timeoutMS=null}
11:14:23:265 [cluster-ClusterId{value='6826d0b7661f873c50256dc5', description='null'}-localhost:27017] INFO  org.mongodb.driver.cluster -Monitor thread successfully connected to server with description ServerDescription{address=localhost:27017, type=STANDALONE, cryptd=false, state=CONNECTED, ok=true, minWireVersion=0, maxWireVersion=21, maxDocumentSize=16777216, logicalSessionTimeoutMinutes=30, roundTripTimeNanos=59559400, minRoundTripTimeNanos=0}
11:14:24:398 [main] INFO  o.s.s.c.a.a.c.InitializeUserDetailsBeanManagerConfigurer$InitializeUserDetailsManagerConfigurer -Global AuthenticationManager configured with UserDetailsService bean with name userDetailServiceImpl
11:14:25:110 [main] INFO  o.a.coyote.http11.Http11NioProtocol -Starting ProtocolHandler ["http-nio-8081"]
11:14:25:150 [main] INFO  o.s.b.w.e.tomcat.TomcatWebServer -Tomcat started on port 8081 (http) with context path '/journal-base'
11:14:25:171 [main] INFO  c.e.J.JournalApplication -Started JournalApplication in 5.698 seconds (process running for 7.377)
11:14:25:177 [main] INFO  c.e.J.JournalApplication -Environment = dev
11:14:39:797 [http-nio-8081-exec-2] INFO  o.a.c.c.C.[.[.[/journal-base] -Initializing Spring DispatcherServlet 'dispatcherServlet'
11:14:39:798 [http-nio-8081-exec-2] INFO  o.s.web.servlet.DispatcherServlet -Initializing Servlet 'dispatcherServlet'
11:14:39:799 [http-nio-8081-exec-2] INFO  o.s.web.servlet.DispatcherServlet -Completed initialization in 1 ms
